[debug] [2021-12-27T18:30:10.575Z] ----------------------------------------------------------------------
[debug] [2021-12-27T18:30:10.577Z] Command:       C:\Program Files\nodejs\node.exe C:\Users\suchi\AppData\Roaming\npm\node_modules\firebase-tools\lib\bin\firebase.js init
[debug] [2021-12-27T18:30:10.578Z] CLI Version:   10.0.1
[debug] [2021-12-27T18:30:10.578Z] Platform:      win32
[debug] [2021-12-27T18:30:10.578Z] Node Version:  v16.13.0
[debug] [2021-12-27T18:30:10.580Z] Time:          Tue Dec 28 2021 00:00:10 GMT+0530 (India Standard Time)
[debug] [2021-12-27T18:30:10.580Z] ----------------------------------------------------------------------
[debug] 
[debug] [2021-12-27T18:30:10.582Z] >>> [apiv2][query] GET https://firebase-public.firebaseio.com/cli.json [none]
[debug] [2021-12-27T18:30:10.609Z] > command requires scopes: ["email","openid","https://www.googleapis.com/auth/cloudplatformprojects.readonly","https://www.googleapis.com/auth/firebase","https://www.googleapis.com/auth/cloud-platform"]
[debug] [2021-12-27T18:30:10.609Z] > authorizing via signed-in user (suchit22nov@gmail.com)
[info] 
     ######## #### ########  ######## ########     ###     ######  ########
     ##        ##  ##     ## ##       ##     ##  ##   ##  ##       ##
     ######    ##  ########  ######   ########  #########  ######  ######
     ##        ##  ##    ##  ##       ##     ## ##     ##       ## ##
     ##       #### ##     ## ######## ########  ##     ##  ######  ########

You're about to initialize a Firebase project in this directory:

  C:\Users\suchi\OneDrive\Desktop\Admindash\adminpanel

[debug] [2021-12-27T18:30:11.946Z] <<< [apiv2][status] GET https://firebase-public.firebaseio.com/cli.json 200
[debug] [2021-12-27T18:30:11.947Z] <<< [apiv2][body] GET https://firebase-public.firebaseio.com/cli.json {"cloudBuildErrorAfter":1594252800000,"cloudBuildWarnAfter":1590019200000,"defaultNode10After":1594252800000,"minVersion":"3.0.5","node8DeploysDisabledAfter":1613390400000,"node8RuntimeDisabledAfter":1615809600000,"node8WarnAfter":1600128000000}
[info] 
=== Project Setup
[info] 
[info] First, let's associate this project directory with a Firebase project.
[info] You can create multiple project aliases by running firebase use --add, 
[info] but for now we'll just set up a default project.
[info] 
[info] i  If you want to create a project in a Google Cloud organization or folder, please use "firebase projects:create" instead, and return to this command when you've created the project. 
